[35m[Appium][39m Welcome to Appium v1.22.0
[35m[Appium][39m Non-default server args:
[35m[Appium][39m   port: 57741
[35m[Appium][39m   loglevel: info
[35m[Appium][39m   tmpDir: C:\Users\RMA\AppData\Local\Temp\\Katalon\Appium\Temp1702021864685
[35m[Appium][39m   chromedriverPort: 57742
[35m[Appium][39m Deprecated server args:
[35m[Appium][39m   [31m--chromedriver-port[39m => --default-capabilities
[35m[Appium][39m Default capabilities, which will be added to each request unless overridden by desired capabilities:
[35m[Appium][39m   chromedriverPort: 57742
[35m[Appium][39m Appium REST http interface listener started on 0.0.0.0:57741
[35m[HTTP][39m [37m-->[39m [37mGET[39m [37m/wd/hub/status[39m
[35m[HTTP][39m [90m{}[39m
[35m[HTTP][39m [37m<-- GET /wd/hub/status [39m[32m200[39m [90m8 ms - 68[39m
[35m[HTTP][39m [90m[39m
[35m[HTTP][39m [37m-->[39m [37mGET[39m [37m/wd/hub/status[39m
[35m[HTTP][39m [90m{}[39m
[35m[HTTP][39m [37m<-- GET /wd/hub/status [39m[32m200[39m [90m1 ms - 68[39m
[35m[HTTP][39m [90m[39m
[35m[HTTP][39m [37m-->[39m [37mPOST[39m [37m/wd/hub/session[39m
[35m[HTTP][39m [90m{"desiredCapabilities":{"appActivity":".Settings","appPackage":"com.android.settings","newCommandTimeout":1800,"platformVersion":"12","automationName":"uiautomator2","autoGrantPermissions":true,"platformName":"Android","udid":"172.16.1.178:42555","deviceName":"Google Pixel 3a (Android 12)","platform":"ANDROID","systemPort":8284},"capabilities":{"firstMatch":[{"appium:appActivity":".Settings","appium:appPackage":"com.android.settings","appium:autoGrantPermissions":true,"appium:automationName":"uiautomator2","appium:deviceName":"Google Pixel 3a (Android 12)","appium:newCommandTimeout":1800,"platform":"ANDROID","platformName":"android","appium:platformVersion":"12","appium:systemPort":8284,"appium:udid":"172.16.1.178:42555"}]}}[39m
[35m[BaseDriver][39m The following capabilities are not standard capabilities and should have an extension prefix:
[35m[BaseDriver][39m   platform
[35m[BaseDriver][39m   chromedriverPort
[35m[Appium][39m Appium v1.22.0 creating new AndroidUiautomator2Driver (v1.69.0) session
[35m[BaseDriver][39m The following capabilities were provided, but are not recognized by Appium:
[35m[BaseDriver][39m   platform
[35m[BaseDriver][39m Session created with session id: 797a5d1b-963e-443f-8b8f-fdc9c99eaa3a
[35m[UiAutomator2][39m Starting 'com.android.settings' directly on the device
[35m[ADB][39m Found 3 'build-tools' folders under 'C:\Users\RMA\AppData\Local\Android\Sdk' (newest first):
[35m[ADB][39m     C:/Users/RMA/AppData/Local/Android/Sdk/build-tools/34.0.0-rc4
[35m[ADB][39m     C:/Users/RMA/AppData/Local/Android/Sdk/build-tools/33.0.2
[35m[ADB][39m     C:/Users/RMA/AppData/Local/Android/Sdk/build-tools/30.0.3
[35m[ADB][39m Using 'adb.exe' from 'C:\Users\RMA\AppData\Local\Android\Sdk\platform-tools\adb.exe'
[35m[AndroidDriver][39m Retrieving device list
[35m[AndroidDriver][39m Using device: 172.16.1.178:42555
[35m[ADB][39m Using 'adb.exe' from 'C:\Users\RMA\AppData\Local\Android\Sdk\platform-tools\adb.exe'
[35m[ADB][39m Getting device platform version
[35m[UiAutomator2][39m Relaxing hidden api policy
[35m[AndroidDriver][39m No app sent in, not parsing package/activity
[35m[ADB][39m Using 'apksigner.jar' from 'C:\Users\RMA\AppData\Local\Android\Sdk\build-tools\34.0.0-rc4\lib\apksigner.jar'
[35m[ADB][39m 'C:\Users\RMA\AppData\Roaming\npm\node_modules\appium\node_modules\appium-uiautomator2-server\apks\appium-uiautomator2-server-v4.24.0.apk' is signed with the default certificate
[35m[ADB][39m 'C:\Users\RMA\AppData\Roaming\npm\node_modules\appium\node_modules\appium-uiautomator2-server\apks\appium-uiautomator2-server-debug-androidTest.apk' is signed with the default certificate
[35m[UiAutomator2][39m Server packages are not going to be (re)installed
[35m[ADB][39m Adding packages ["io.appium.settings","io.appium.uiautomator2.server","io.appium.uiautomator2.server.test"] to Doze whitelist
[35m[UiAutomator2][39m Starting UIAutomator2 server 4.24.0
[35m[UiAutomator2][39m Using UIAutomator2 server from 'C:\Users\RMA\AppData\Roaming\npm\node_modules\appium\node_modules\appium-uiautomator2-server\apks\appium-uiautomator2-server-v4.24.0.apk' and test from 'C:\Users\RMA\AppData\Roaming\npm\node_modules\appium\node_modules\appium-uiautomator2-server\apks\appium-uiautomator2-server-debug-androidTest.apk'
[35m[UiAutomator2][39m Waiting up to 30000ms for UiAutomator2 to be online...
[35m[WD Proxy][39m socket hang up
[35m[WD Proxy][39m socket hang up
[35m[WD Proxy][39m socket hang up
[35m[WD Proxy][39m Determined the downstream protocol as 'W3C'
[35m[AndroidDriver][39m Screen already unlocked, doing nothing
[35m[UiAutomator2][39m Starting 'com.android.settings/.Settings and waiting for 'com.android.settings/.Settings'
[35m[Appium][39m New AndroidUiautomator2Driver session created successfully, session 797a5d1b-963e-443f-8b8f-fdc9c99eaa3a added to master session list
[35m[HTTP][39m [37m<-- POST /wd/hub/session [39m[32m200[39m [90m10230 ms - 1183[39m
[35m[HTTP][39m [90m[39m
[35m[HTTP][39m [37m-->[39m [37mGET[39m [37m/wd/hub/session/797a5d1b-963e-443f-8b8f-fdc9c99eaa3a[39m
[35m[HTTP][39m [90m{}[39m
[35m[HTTP][39m [37m<-- GET /wd/hub/session/797a5d1b-963e-443f-8b8f-fdc9c99eaa3a [39m[32m200[39m [90m23 ms - 1137[39m
[35m[HTTP][39m [90m[39m
[35m[HTTP][39m [37m-->[39m [37mGET[39m [37m/wd/hub/session/797a5d1b-963e-443f-8b8f-fdc9c99eaa3a[39m
[35m[HTTP][39m [90m{}[39m
[35m[HTTP][39m [37m<-- GET /wd/hub/session/797a5d1b-963e-443f-8b8f-fdc9c99eaa3a [39m[32m200[39m [90m26 ms - 1137[39m
[35m[HTTP][39m [90m[39m
[35m[HTTP][39m [37m-->[39m [37mGET[39m [37m/wd/hub/status[39m
[35m[HTTP][39m [90m{}[39m
[35m[HTTP][39m [37m<-- GET /wd/hub/status [39m[32m200[39m [90m1 ms - 68[39m
[35m[HTTP][39m [90m[39m
[35m[HTTP][39m [37m-->[39m [37mPOST[39m [37m/wd/hub/session/797a5d1b-963e-443f-8b8f-fdc9c99eaa3a/timeouts[39m
[35m[HTTP][39m [90m{"implicit":60000}[39m
[35m[HTTP][39m [37m<-- POST /wd/hub/session/797a5d1b-963e-443f-8b8f-fdc9c99eaa3a/timeouts [39m[32m200[39m [90m6 ms - 14[39m
[35m[HTTP][39m [90m[39m
[35m[HTTP][39m [37m-->[39m [37mGET[39m [37m/wd/hub/session/797a5d1b-963e-443f-8b8f-fdc9c99eaa3a/screenshot[39m
[35m[HTTP][39m [90m{}[39m
[35m[HTTP][39m [37m<-- GET /wd/hub/session/797a5d1b-963e-443f-8b8f-fdc9c99eaa3a/screenshot [39m[32m200[39m [90m721 ms - 215276[39m
[35m[HTTP][39m [90m[39m
[35m[HTTP][39m [37m-->[39m [37mGET[39m [37m/wd/hub/session/797a5d1b-963e-443f-8b8f-fdc9c99eaa3a/window/rect[39m
[35m[HTTP][39m [90m{}[39m
[35m[HTTP][39m [37m<-- GET /wd/hub/session/797a5d1b-963e-443f-8b8f-fdc9c99eaa3a/window/rect [39m[32m200[39m [90m73 ms - 50[39m
[35m[HTTP][39m [90m[39m
[35m[HTTP][39m [37m-->[39m [37mGET[39m [37m/wd/hub/session/797a5d1b-963e-443f-8b8f-fdc9c99eaa3a/appium/device/system_bars[39m
[35m[HTTP][39m [90m{}[39m
[35m[HTTP][39m [37m<-- GET /wd/hub/session/797a5d1b-963e-443f-8b8f-fdc9c99eaa3a/appium/device/system_bars [39m[32m200[39m [90m186 ms - 145[39m
[35m[HTTP][39m [90m[39m
[35m[HTTP][39m [37m-->[39m [37mPOST[39m [37m/wd/hub/session/797a5d1b-963e-443f-8b8f-fdc9c99eaa3a/appium/device/activate_app[39m
[35m[HTTP][39m [90m{"bundleId":"com.batpay.app"}[39m
[35m[HTTP][39m [37m<-- POST /wd/hub/session/797a5d1b-963e-443f-8b8f-fdc9c99eaa3a/appium/device/activate_app [39m[32m200[39m [90m590 ms - 14[39m
[35m[HTTP][39m [90m[39m
[35m[HTTP][39m [37m-->[39m [37mGET[39m [37m/wd/hub/session/797a5d1b-963e-443f-8b8f-fdc9c99eaa3a/source[39m
[35m[HTTP][39m [90m{}[39m
[35m[W3C (797a5d1b)][39m Driver proxy active, passing request on via HTTP proxy
[35m[WD Proxy][39m Replacing sessionId 5929b3c1-91de-4a9a-b7fe-d444e01c6a07 with 797a5d1b-963e-443f-8b8f-fdc9c99eaa3a
[35m[HTTP][39m [37m<-- GET /wd/hub/session/797a5d1b-963e-443f-8b8f-fdc9c99eaa3a/source [39m[32m200[39m [90m1151 ms - 25075[39m
[35m[HTTP][39m [90m[39m
[35m[HTTP][39m [37m-->[39m [37mGET[39m [37m/wd/hub/session/797a5d1b-963e-443f-8b8f-fdc9c99eaa3a/screenshot[39m
[35m[HTTP][39m [90m{}[39m
[35m[HTTP][39m [37m<-- GET /wd/hub/session/797a5d1b-963e-443f-8b8f-fdc9c99eaa3a/screenshot [39m[32m200[39m [90m947 ms - 388466[39m
[35m[HTTP][39m [90m[39m
[35m[HTTP][39m [37m-->[39m [37mGET[39m [37m/wd/hub/session/797a5d1b-963e-443f-8b8f-fdc9c99eaa3a/source[39m
[35m[HTTP][39m [90m{}[39m
[35m[W3C (797a5d1b)][39m Driver proxy active, passing request on via HTTP proxy
[35m[WD Proxy][39m Replacing sessionId 5929b3c1-91de-4a9a-b7fe-d444e01c6a07 with 797a5d1b-963e-443f-8b8f-fdc9c99eaa3a
[35m[HTTP][39m [37m<-- GET /wd/hub/session/797a5d1b-963e-443f-8b8f-fdc9c99eaa3a/source [39m[32m200[39m [90m455 ms - 25075[39m
[35m[HTTP][39m [90m[39m
[35m[HTTP][39m [37m-->[39m [37mGET[39m [37m/wd/hub/session/797a5d1b-963e-443f-8b8f-fdc9c99eaa3a/screenshot[39m
[35m[HTTP][39m [90m{}[39m
[35m[HTTP][39m [37m<-- GET /wd/hub/session/797a5d1b-963e-443f-8b8f-fdc9c99eaa3a/screenshot [39m[32m200[39m [90m904 ms - 389730[39m
[35m[HTTP][39m [90m[39m
[35m[HTTP][39m [37m-->[39m [37mPOST[39m [37m/wd/hub/session/797a5d1b-963e-443f-8b8f-fdc9c99eaa3a/elements[39m
[35m[HTTP][39m [90m{"using":"xpath","value":"//*[@class = 'android.widget.TextView' and (@text = 'Kode OTP No. Handphone' or . = 'Kode OTP No. Handphone') and @resource-id = 'ion-input-10-lbl']"}[39m
[35m[HTTP][39m [37m<-- POST /wd/hub/session/797a5d1b-963e-443f-8b8f-fdc9c99eaa3a/elements [39m[32m200[39m [90m685 ms - 139[39m
[35m[HTTP][39m [90m[39m
[35m[HTTP][39m [37m-->[39m [37mPOST[39m [37m/wd/hub/session/797a5d1b-963e-443f-8b8f-fdc9c99eaa3a/elements[39m
[35m[HTTP][39m [90m{"using":"xpath","value":"//*[@class = 'android.widget.TextView' and (@text = 'Kode OTP tidak sesuai' or . = 'Kode OTP tidak sesuai')]"}[39m
[35m[HTTP][39m [37m<-- POST /wd/hub/session/797a5d1b-963e-443f-8b8f-fdc9c99eaa3a/elements [39m[32m200[39m [90m197 ms - 139[39m
[35m[HTTP][39m [90m[39m
[35m[HTTP][39m [37m-->[39m [37mDELETE[39m [37m/wd/hub/session/797a5d1b-963e-443f-8b8f-fdc9c99eaa3a[39m
[35m[HTTP][39m [90m{}[39m
[35m[Appium][39m Removing session 797a5d1b-963e-443f-8b8f-fdc9c99eaa3a from our master session list
[35m[UiAutomator2][39m Restoring hidden api policy to the device default configuration
[35m[HTTP][39m [37m<-- DELETE /wd/hub/session/797a5d1b-963e-443f-8b8f-fdc9c99eaa3a [39m[32m200[39m [90m437 ms - 14[39m
[35m[HTTP][39m [90m[39m
